<?xml version="1.0" encoding="UTF-8"?>
<!-- Generated by org.testng.reporters.JUnitXMLReporter -->
<testsuite ignored="1" hostname="LAPTOP-7D4JOF4H" failures="1" tests="4" name="Regression Test" time="58.069" errors="0" timestamp="2024-04-18T14:16:25 IST">
  <testcase classname="test.LoginPageTest" name="verifyLoginPageTitle" time="5.664">
    <failure type="java.lang.AssertionError" message="Title is invalid expected [Demo Web Shop. Login123] but found [Demo Web Shop. Login]">
      <![CDATA[java.lang.AssertionError: Title is invalid expected [Demo Web Shop. Login123] but found [Demo Web Shop. Login]
at test.LoginPageTest.verifyLoginPageTitle(LoginPageTest.java:32)
at java.base/java.util.ArrayList.forEach(ArrayList.java:1511)
... Removed 32 stack frames]]>
    </failure>
  </testcase> <!-- verifyLoginPageTitle -->
  <testcase classname="test.LoginPageTest" name="verifyUserLoginWithInvalidCredentials" time="2.539"/>
  <testcase classname="test.LoginPageTest" name="verifyUserLoginWithInvalidCredentials" time="3.23"/>
  <testcase classname="test.LoginPageTest" name="verifyUserLoginWithInvalidCredentials" time="1.968"/>
  <testcase classname="test.LoginPageTest" name="verifyUserLogin" time="0.0">
    <ignored/>
  </testcase> <!-- verifyUserLogin -->
</testsuite> <!-- Regression Test -->
