<?xml version="1.0" encoding="UTF-8"?>
<testng-results ignored="1" total="5" passed="3" failed="1" skipped="0">
  <reporter-output>
  </reporter-output>
  <suite started-at="2024-04-18T14:15:26 IST" name="Functional Suite" finished-at="2024-04-18T14:16:24 IST" duration-ms="58069">
    <groups>
      <group name="Sanity">
        <method signature="LoginPageTest.verifyLoginPageTitle()[pri:5, instance:test.LoginPageTest@158da8e]" name="verifyLoginPageTitle" class="test.LoginPageTest"/>
        <method signature="LoginPageTest.verifyUserLoginWithInvalidCredentials(java.lang.String,java.lang.String)[pri:7, instance:test.LoginPageTest@158da8e]" name="verifyUserLoginWithInvalidCredentials" class="test.LoginPageTest"/>
      </group> <!-- Sanity -->
    </groups>
    <test started-at="2024-04-18T14:15:26 IST" name="Regression Test" finished-at="2024-04-18T14:16:24 IST" duration-ms="58069">
      <class name="test.LoginPageTest">
        <test-method is-config="true" signature="setUp(java.lang.String,java.lang.String)[pri:0, instance:test.LoginPageTest@158da8e]" started-at="2024-04-18T14:15:26 IST" name="setUp" finished-at="2024-04-18T14:15:40 IST" duration-ms="13641" status="PASS">
          <params>
            <param index="0">
              <value>
                <![CDATA[Chrome]]>
              </value>
            </param>
            <param index="1">
              <value>
                <![CDATA[https://demowebshop.tricentis.com/]]>
              </value>
            </param>
          </params>
          <reporter-output>
          </reporter-output>
        </test-method> <!-- setUp -->
        <test-method signature="verifyLoginPageTitle()[pri:5, instance:test.LoginPageTest@158da8e]" started-at="2024-04-18T14:15:40 IST" name="verifyLoginPageTitle" finished-at="2024-04-18T14:15:46 IST" duration-ms="5664" status="FAIL">
          <exception class="java.lang.AssertionError">
            <message>
              <![CDATA[Title is invalid expected [Demo Web Shop. Login123] but found [Demo Web Shop. Login]]]>
            </message>
            <full-stacktrace>
              <![CDATA[java.lang.AssertionError: Title is invalid expected [Demo Web Shop. Login123] but found [Demo Web Shop. Login]
at org.testng.Assert.fail(Assert.java:99)
at org.testng.Assert.failNotEquals(Assert.java:1037)
at org.testng.Assert.assertEqualsImpl(Assert.java:140)
at org.testng.Assert.assertEquals(Assert.java:122)
at org.testng.Assert.assertEquals(Assert.java:629)
at test.LoginPageTest.verifyLoginPageTitle(LoginPageTest.java:32)
at java.base/jdk.internal.reflect.NativeMethodAccessorImpl.invoke0(Native Method)
at java.base/jdk.internal.reflect.NativeMethodAccessorImpl.invoke(NativeMethodAccessorImpl.java:77)
at java.base/jdk.internal.reflect.DelegatingMethodAccessorImpl.invoke(DelegatingMethodAccessorImpl.java:43)
at java.base/java.lang.reflect.Method.invoke(Method.java:568)
at org.testng.internal.MethodInvocationHelper.invokeMethod(MethodInvocationHelper.java:133)
at org.testng.internal.TestInvoker.invokeMethod(TestInvoker.java:598)
at org.testng.internal.TestInvoker.invokeTestMethod(TestInvoker.java:173)
at org.testng.internal.MethodRunner.runInSequence(MethodRunner.java:46)
at org.testng.internal.TestInvoker$MethodInvocationAgent.invoke(TestInvoker.java:824)
at org.testng.internal.TestInvoker.invokeTestMethods(TestInvoker.java:146)
at org.testng.internal.TestMethodWorker.invokeTestMethods(TestMethodWorker.java:146)
at org.testng.internal.TestMethodWorker.run(TestMethodWorker.java:128)
at java.base/java.util.ArrayList.forEach(ArrayList.java:1511)
at org.testng.TestRunner.privateRun(TestRunner.java:794)
at org.testng.TestRunner.run(TestRunner.java:596)
at org.testng.SuiteRunner.runTest(SuiteRunner.java:377)
at org.testng.SuiteRunner.runSequentially(SuiteRunner.java:371)
at org.testng.SuiteRunner.privateRun(SuiteRunner.java:332)
at org.testng.SuiteRunner.run(SuiteRunner.java:276)
at org.testng.SuiteRunnerWorker.runSuite(SuiteRunnerWorker.java:53)
at org.testng.SuiteRunnerWorker.run(SuiteRunnerWorker.java:96)
at org.testng.TestNG.runSuitesSequentially(TestNG.java:1212)
at org.testng.TestNG.runSuitesLocally(TestNG.java:1134)
at org.testng.TestNG.runSuites(TestNG.java:1063)
at org.testng.TestNG.run(TestNG.java:1031)
at org.testng.remote.AbstractRemoteTestNG.run(AbstractRemoteTestNG.java:115)
at org.testng.remote.RemoteTestNG.initAndRun(RemoteTestNG.java:251)
at org.testng.remote.RemoteTestNG.main(RemoteTestNG.java:77)
]]>
            </full-stacktrace>
          </exception> <!-- java.lang.AssertionError -->
          <reporter-output>
          </reporter-output>
        </test-method> <!-- verifyLoginPageTitle -->
        <test-method is-config="true" signature="closeBrowser(org.testng.ITestResult)[pri:0, instance:test.LoginPageTest@158da8e]" started-at="2024-04-18T14:15:46 IST" name="closeBrowser" finished-at="2024-04-18T14:15:46 IST" duration-ms="670" status="PASS">
          <params>
            <param index="0">
              <value>
                <![CDATA[[TestResult name=verifyLoginPageTitle status=FAILURE method=LoginPageTest.verifyLoginPageTitle()[pri:5, instance:test.LoginPageTest@158da8e] output={null}]]]>
              </value>
            </param>
          </params>
          <reporter-output>
          </reporter-output>
        </test-method> <!-- closeBrowser -->
        <test-method is-config="true" signature="setUp(java.lang.String,java.lang.String)[pri:0, instance:test.LoginPageTest@158da8e]" started-at="2024-04-18T14:15:46 IST" name="setUp" finished-at="2024-04-18T14:15:58 IST" duration-ms="11754" status="PASS">
          <params>
            <param index="0">
              <value>
                <![CDATA[Chrome]]>
              </value>
            </param>
            <param index="1">
              <value>
                <![CDATA[https://demowebshop.tricentis.com/]]>
              </value>
            </param>
          </params>
          <reporter-output>
          </reporter-output>
        </test-method> <!-- setUp -->
        <test-method signature="verifyUserLoginWithInvalidCredentials(java.lang.String,java.lang.String)[pri:7, instance:test.LoginPageTest@158da8e]" started-at="2024-04-18T14:15:58 IST" name="verifyUserLoginWithInvalidCredentials" data-provider="InvalidUserCredentials" finished-at="2024-04-18T14:16:01 IST" duration-ms="2539" status="PASS">
          <params>
            <param index="0">
              <value>
                <![CDATA[shandgeotom786@gmail.com]]>
              </value>
            </param>
            <param index="1">
              <value>
                <![CDATA[EASTdER%egg4]]>
              </value>
            </param>
          </params>
          <reporter-output>
          </reporter-output>
        </test-method> <!-- verifyUserLoginWithInvalidCredentials -->
        <test-method is-config="true" signature="closeBrowser(org.testng.ITestResult)[pri:0, instance:test.LoginPageTest@158da8e]" started-at="2024-04-18T14:16:01 IST" name="closeBrowser" finished-at="2024-04-18T14:16:01 IST" duration-ms="376" status="PASS">
          <params>
            <param index="0">
              <value>
                <![CDATA[[TestResult name=verifyUserLoginWithInvalidCredentials status=SUCCESS method=LoginPageTest.verifyUserLoginWithInvalidCredentials(java.lang.String,java.lang.String)[pri:7, instance:test.LoginPageTest@158da8e] output={null}]]]>
              </value>
            </param>
          </params>
          <reporter-output>
          </reporter-output>
        </test-method> <!-- closeBrowser -->
        <test-method is-config="true" signature="setUp(java.lang.String,java.lang.String)[pri:0, instance:test.LoginPageTest@158da8e]" started-at="2024-04-18T14:16:01 IST" name="setUp" finished-at="2024-04-18T14:16:10 IST" duration-ms="9347" status="PASS">
          <params>
            <param index="0">
              <value>
                <![CDATA[Chrome]]>
              </value>
            </param>
            <param index="1">
              <value>
                <![CDATA[https://demowebshop.tricentis.com/]]>
              </value>
            </param>
          </params>
          <reporter-output>
          </reporter-output>
        </test-method> <!-- setUp -->
        <test-method signature="verifyUserLoginWithInvalidCredentials(java.lang.String,java.lang.String)[pri:7, instance:test.LoginPageTest@158da8e]" started-at="2024-04-18T14:16:10 IST" name="verifyUserLoginWithInvalidCredentials" data-provider="InvalidUserCredentials" finished-at="2024-04-18T14:16:14 IST" duration-ms="3230" status="PASS">
          <params>
            <param index="0">
              <value>
                <![CDATA[shangeeotom786@gmail.com]]>
              </value>
            </param>
            <param index="1">
              <value>
                <![CDATA[EASTER%egg4]]>
              </value>
            </param>
          </params>
          <reporter-output>
          </reporter-output>
        </test-method> <!-- verifyUserLoginWithInvalidCredentials -->
        <test-method is-config="true" signature="closeBrowser(org.testng.ITestResult)[pri:0, instance:test.LoginPageTest@158da8e]" started-at="2024-04-18T14:16:14 IST" name="closeBrowser" finished-at="2024-04-18T14:16:14 IST" duration-ms="240" status="PASS">
          <params>
            <param index="0">
              <value>
                <![CDATA[[TestResult name=verifyUserLoginWithInvalidCredentials status=SUCCESS method=LoginPageTest.verifyUserLoginWithInvalidCredentials(java.lang.String,java.lang.String)[pri:7, instance:test.LoginPageTest@158da8e] output={null}]]]>
              </value>
            </param>
          </params>
          <reporter-output>
          </reporter-output>
        </test-method> <!-- closeBrowser -->
        <test-method is-config="true" signature="setUp(java.lang.String,java.lang.String)[pri:0, instance:test.LoginPageTest@158da8e]" started-at="2024-04-18T14:16:14 IST" name="setUp" finished-at="2024-04-18T14:16:22 IST" duration-ms="8223" status="PASS">
          <params>
            <param index="0">
              <value>
                <![CDATA[Chrome]]>
              </value>
            </param>
            <param index="1">
              <value>
                <![CDATA[https://demowebshop.tricentis.com/]]>
              </value>
            </param>
          </params>
          <reporter-output>
          </reporter-output>
        </test-method> <!-- setUp -->
        <test-method signature="verifyUserLoginWithInvalidCredentials(java.lang.String,java.lang.String)[pri:7, instance:test.LoginPageTest@158da8e]" started-at="2024-04-18T14:16:22 IST" name="verifyUserLoginWithInvalidCredentials" data-provider="InvalidUserCredentials" finished-at="2024-04-18T14:16:24 IST" duration-ms="1968" status="PASS">
          <params>
            <param index="0">
              <value>
                <![CDATA[shangeotom786@gmail.com]]>
              </value>
            </param>
            <param index="1">
              <value>
                <![CDATA[EASTERe%egg4]]>
              </value>
            </param>
          </params>
          <reporter-output>
          </reporter-output>
        </test-method> <!-- verifyUserLoginWithInvalidCredentials -->
        <test-method is-config="true" signature="closeBrowser(org.testng.ITestResult)[pri:0, instance:test.LoginPageTest@158da8e]" started-at="2024-04-18T14:16:24 IST" name="closeBrowser" finished-at="2024-04-18T14:16:24 IST" duration-ms="305" status="PASS">
          <params>
            <param index="0">
              <value>
                <![CDATA[[TestResult name=verifyUserLoginWithInvalidCredentials status=SUCCESS method=LoginPageTest.verifyUserLoginWithInvalidCredentials(java.lang.String,java.lang.String)[pri:7, instance:test.LoginPageTest@158da8e] output={null}]]]>
              </value>
            </param>
          </params>
          <reporter-output>
          </reporter-output>
        </test-method> <!-- closeBrowser -->
      </class> <!-- test.LoginPageTest -->
    </test> <!-- Regression Test -->
  </suite> <!-- Functional Suite -->
</testng-results>
